# JRE version: Java(TM) SE Runtime Environment (8.0_191-b12) (build 1.8.0_191-b12)
# Java VM: Java HotSpot(TM) Client VM (25.191-b12 mixed mode windows-x86 )
Heap:
 def new generation   total 157248K, used 157247K [0x05a00000, 0x104a0000, 0x104a0000)
  eden space 139776K, 100% used [0x05a00000, 0x0e280000, 0x0e280000)
  from space 17472K,  99% used [0x0e280000, 0x0f38fff8, 0x0f390000)
  to   space 17472K,   0% used [0x0f390000, 0x0f390000, 0x104a0000)
 tenured generation   total 349568K, used 349568K [0x104a0000, 0x25a00000, 0x25a00000)
   the space 349568K, 100% used [0x104a0000, 0x25a00000, 0x25a00000, 0x25a00000)
 Metaspace       used 22767K, capacity 23341K, committed 23424K, reserved 23936K
GC Heap History (10 events):
Event: 15835.338 GC heap before
{Heap before GC invocations=121 (full 62):
 def new generation   total 157248K, used 157247K [0x05a00000, 0x104a0000, 0x104a0000)
  eden space 139776K, 100% used [0x05a00000, 0x0e280000, 0x0e280000)
  from space 17472K,  99% used [0x0e280000, 0x0f38fff8, 0x0f390000)
  to   space 17472K,   0% used [0x0f390000, 0x0f390000, 0x104a0000)
 tenured generation   total 349568K, used 349568K [0x104a0000, 0x25a00000, 0x25a00000)
   the space 349568K, 100% used [0x104a0000, 0x25a00000, 0x25a00000, 0x25a00000)
 Metaspace       used 22767K, capacity 23341K, committed 23424K, reserved 23936K
Event: 15835.758 GC heap after
Heap after GC invocations=122 (full 63):
 def new generation   total 157248K, used 157247K [0x05a00000, 0x104a0000, 0x104a0000)
  eden space 139776K,  99% used [0x05a00000, 0x0e27fd98, 0x0e280000)
  from space 17472K,  99% used [0x0e280000, 0x0f38fff8, 0x0f390000)
  to   space 17472K,   0% used [0x0f390000, 0x0f390000, 0x104a0000)
 tenured generation   total 349568K, used 349568K [0x104a0000, 0x25a00000, 0x25a00000)
   the space 349568K, 100% used [0x104a0000, 0x25a00000, 0x25a00000, 0x25a00000)
 Metaspace       used 22767K, capacity 23341K, committed 23424K, reserved 23936K
}
Event: 15835.758 GC heap before
{Heap before GC invocations=122 (full 63):
 def new generation   total 157248K, used 157247K [0x05a00000, 0x104a0000, 0x104a0000)
  eden space 139776K, 100% used [0x05a00000, 0x0e280000, 0x0e280000)
  from space 17472K,  99% used [0x0e280000, 0x0f38fff8, 0x0f390000)
  to   space 17472K,   0% used [0x0f390000, 0x0f390000, 0x104a0000)
 tenured generation   total 349568K, used 349568K [0x104a0000, 0x25a00000, 0x25a00000)
   the space 349568K, 100% used [0x104a0000, 0x25a00000, 0x25a00000, 0x25a00000)
 Metaspace       used 22767K, capacity 23341K, committed 23424K, reserved 23936K
Event: 15836.216 GC heap after
Heap after GC invocations=123 (full 64):
 def new generation   total 157248K, used 157247K [0x05a00000, 0x104a0000, 0x104a0000)
  eden space 139776K,  99% used [0x05a00000, 0x0e27fe68, 0x0e280000)
  from space 17472K,  99% used [0x0e280000, 0x0f38fff8, 0x0f390000)
  to   space 17472K,   0% used [0x0f390000, 0x0f390000, 0x104a0000)
 tenured generation   total 349568K, used 349568K [0x104a0000, 0x25a00000, 0x25a00000)
   the space 349568K, 100% used [0x104a0000, 0x25a00000, 0x25a00000, 0x25a00000)
 Metaspace       used 22767K, capacity 23341K, committed 23424K, reserved 23936K
}
Event: 15836.216 GC heap before
{Heap before GC invocations=123 (full 64):
 def new generation   total 157248K, used 157247K [0x05a00000, 0x104a0000, 0x104a0000)
  eden space 139776K,  99% used [0x05a00000, 0x0e27fe68, 0x0e280000)
  from space 17472K,  99% used [0x0e280000, 0x0f38fff8, 0x0f390000)
  to   space 17472K,   0% used [0x0f390000, 0x0f390000, 0x104a0000)
 tenured generation   total 349568K, used 349568K [0x104a0000, 0x25a00000, 0x25a00000)
   the space 349568K, 100% used [0x104a0000, 0x25a00000, 0x25a00000, 0x25a00000)
 Metaspace       used 22767K, capacity 23341K, committed 23424K, reserved 23936K
Event: 15836.633 GC heap after
Heap after GC invocations=124 (full 65):
 def new generation   total 157248K, used 157247K [0x05a00000, 0x104a0000, 0x104a0000)
  eden space 139776K,  99% used [0x05a00000, 0x0e27fe68, 0x0e280000)
  from space 17472K,  99% used [0x0e280000, 0x0f38fff8, 0x0f390000)
  to   space 17472K,   0% used [0x0f390000, 0x0f390000, 0x104a0000)
 tenured generation   total 349568K, used 349568K [0x104a0000, 0x25a00000, 0x25a00000)
   the space 349568K, 100% used [0x104a0000, 0x25a00000, 0x25a00000, 0x25a00000)
 Metaspace       used 22767K, capacity 23341K, committed 23424K, reserved 23936K
}
Event: 15836.634 GC heap before
{Heap before GC invocations=124 (full 65):
 def new generation   total 157248K, used 157247K [0x05a00000, 0x104a0000, 0x104a0000)
  eden space 139776K, 100% used [0x05a00000, 0x0e280000, 0x0e280000)
  from space 17472K,  99% used [0x0e280000, 0x0f38fff8, 0x0f390000)
  to   space 17472K,   0% used [0x0f390000, 0x0f390000, 0x104a0000)
 tenured generation   total 349568K, used 349568K [0x104a0000, 0x25a00000, 0x25a00000)
   the space 349568K, 100% used [0x104a0000, 0x25a00000, 0x25a00000, 0x25a00000)
 Metaspace       used 22767K, capacity 23341K, committed 23424K, reserved 23936K
Event: 15837.057 GC heap after
Heap after GC invocations=125 (full 66):
 def new generation   total 157248K, used 157247K [0x05a00000, 0x104a0000, 0x104a0000)
  eden space 139776K,  99% used [0x05a00000, 0x0e27feb8, 0x0e280000)
  from space 17472K,  99% used [0x0e280000, 0x0f38fff8, 0x0f390000)
  to   space 17472K,   0% used [0x0f390000, 0x0f390000, 0x104a0000)
 tenured generation   total 349568K, used 349568K [0x104a0000, 0x25a00000, 0x25a00000)
   the space 349568K, 100% used [0x104a0000, 0x25a00000, 0x25a00000, 0x25a00000)
 Metaspace       used 22767K, capacity 23341K, committed 23424K, reserved 23936K
}
Event: 15837.057 GC heap before
{Heap before GC invocations=125 (full 66):
 def new generation   total 157248K, used 157247K [0x05a00000, 0x104a0000, 0x104a0000)
  eden space 139776K,  99% used [0x05a00000, 0x0e27feb8, 0x0e280000)
  from space 17472K,  99% used [0x0e280000, 0x0f38fff8, 0x0f390000)
  to   space 17472K,   0% used [0x0f390000, 0x0f390000, 0x104a0000)
 tenured generation   total 349568K, used 349568K [0x104a0000, 0x25a00000, 0x25a00000)
   the space 349568K, 100% used [0x104a0000, 0x25a00000, 0x25a00000, 0x25a00000)
 Metaspace       used 22767K, capacity 23341K, committed 23424K, reserved 23936K
Event: 15837.477 GC heap after
Heap after GC invocations=126 (full 67):
 def new generation   total 157248K, used 157247K [0x05a00000, 0x104a0000, 0x104a0000)
  eden space 139776K,  99% used [0x05a00000, 0x0e27feb8, 0x0e280000)
  from space 17472K,  99% used [0x0e280000, 0x0f38fff8, 0x0f390000)
  to   space 17472K,   0% used [0x0f390000, 0x0f390000, 0x104a0000)
 tenured generation   total 349568K, used 349568K [0x104a0000, 0x25a00000, 0x25a00000)
   the space 349568K, 100% used [0x104a0000, 0x25a00000, 0x25a00000, 0x25a00000)
 Metaspace       used 22767K, capacity 23341K, committed 23424K, reserved 23936K
}

